2024-07-03T13:12:06.249+05:30  INFO 17536 --- [student_registration_system] [restartedMain] c.s.StudentRegistrationSystemApplication : Starting StudentRegistrationSystemApplication using Java 17.0.3 with PID 17536 (C:\Users\GUNASEKM\Documents\student_registration_system\student_registration_system\target\classes started by gunasekm in C:\Users\GUNASEKM\Documents\student_registration_system\student_registration_system)
2024-07-03T13:12:06.264+05:30  INFO 17536 --- [student_registration_system] [restartedMain] c.s.StudentRegistrationSystemApplication : No active profile set, falling back to 1 default profile: "default"
2024-07-03T13:12:06.427+05:30  INFO 17536 --- [student_registration_system] [restartedMain] .e.DevToolsPropertyDefaultsPostProcessor : Devtools property defaults active! Set 'spring.devtools.add-properties' to 'false' to disable
2024-07-03T13:12:06.428+05:30  INFO 17536 --- [student_registration_system] [restartedMain] .e.DevToolsPropertyDefaultsPostProcessor : For additional web related logging consider setting the 'logging.level.web' property to 'DEBUG'
2024-07-03T13:12:09.387+05:30  INFO 17536 --- [student_registration_system] [restartedMain] .s.d.r.c.RepositoryConfigurationDelegate : Bootstrapping Spring Data JPA repositories in DEFAULT mode.
2024-07-03T13:12:09.650+05:30  INFO 17536 --- [student_registration_system] [restartedMain] .s.d.r.c.RepositoryConfigurationDelegate : Finished Spring Data repository scanning in 229 ms. Found 2 JPA repository interfaces.
2024-07-03T13:12:12.031+05:30  INFO 17536 --- [student_registration_system] [restartedMain] o.s.b.w.embedded.tomcat.TomcatWebServer  : Tomcat initialized with port 8080 (http)
2024-07-03T13:12:12.068+05:30  INFO 17536 --- [student_registration_system] [restartedMain] o.apache.catalina.core.StandardService   : Starting service [Tomcat]
2024-07-03T13:12:12.069+05:30  INFO 17536 --- [student_registration_system] [restartedMain] o.apache.catalina.core.StandardEngine    : Starting Servlet engine: [Apache Tomcat/10.1.24]
2024-07-03T13:12:12.300+05:30  INFO 17536 --- [student_registration_system] [restartedMain] o.a.c.c.C.[Tomcat].[localhost].[/]       : Initializing Spring embedded WebApplicationContext
2024-07-03T13:12:12.301+05:30  INFO 17536 --- [student_registration_system] [restartedMain] w.s.c.ServletWebServerApplicationContext : Root WebApplicationContext: initialization completed in 5871 ms
2024-07-03T13:12:13.388+05:30  INFO 17536 --- [student_registration_system] [restartedMain] o.hibernate.jpa.internal.util.LogHelper  : HHH000204: Processing PersistenceUnitInfo [name: default]
2024-07-03T13:12:13.571+05:30  INFO 17536 --- [student_registration_system] [restartedMain] org.hibernate.Version                    : HHH000412: Hibernate ORM core version 6.5.2.Final
2024-07-03T13:12:13.677+05:30  INFO 17536 --- [student_registration_system] [restartedMain] o.h.c.internal.RegionFactoryInitiator    : HHH000026: Second-level cache disabled
2024-07-03T13:12:14.626+05:30  INFO 17536 --- [student_registration_system] [restartedMain] o.s.o.j.p.SpringPersistenceUnitInfo      : No LoadTimeWeaver setup: ignoring JPA class transformer
2024-07-03T13:12:14.695+05:30  INFO 17536 --- [student_registration_system] [restartedMain] com.zaxxer.hikari.HikariDataSource       : HikariPool-1 - Starting...
2024-07-03T13:12:15.356+05:30  INFO 17536 --- [student_registration_system] [restartedMain] com.zaxxer.hikari.pool.HikariPool        : HikariPool-1 - Added connection org.postgresql.jdbc.PgConnection@67e149c6
2024-07-03T13:12:15.369+05:30  INFO 17536 --- [student_registration_system] [restartedMain] com.zaxxer.hikari.HikariDataSource       : HikariPool-1 - Start completed.
2024-07-03T13:12:18.141+05:30  INFO 17536 --- [student_registration_system] [restartedMain] o.h.e.t.j.p.i.JtaPlatformInitiator       : HHH000489: No JTA platform available (set 'hibernate.transaction.jta.platform' to enable JTA platform integration)
2024-07-03T13:12:18.322+05:30  INFO 17536 --- [student_registration_system] [restartedMain] j.LocalContainerEntityManagerFactoryBean : Initialized JPA EntityManagerFactory for persistence unit 'default'
2024-07-03T13:12:19.388+05:30  WARN 17536 --- [student_registration_system] [restartedMain] JpaBaseConfiguration$JpaWebConfiguration : spring.jpa.open-in-view is enabled by default. Therefore, database queries may be performed during view rendering. Explicitly configure spring.jpa.open-in-view to disable this warning
2024-07-03T13:12:20.449+05:30  INFO 17536 --- [student_registration_system] [restartedMain] o.s.b.d.a.OptionalLiveReloadServer       : LiveReload server is running on port 35729
2024-07-03T13:12:20.537+05:30  INFO 17536 --- [student_registration_system] [restartedMain] o.s.b.w.embedded.tomcat.TomcatWebServer  : Tomcat started on port 8080 (http) with context path '/'
2024-07-03T13:12:20.563+05:30  INFO 17536 --- [student_registration_system] [restartedMain] c.s.StudentRegistrationSystemApplication : Started StudentRegistrationSystemApplication in 15.592 seconds (process running for 17.24)
2024-07-03T13:13:33.590+05:30  INFO 17536 --- [student_registration_system] [SpringApplicationShutdownHook] j.LocalContainerEntityManagerFactoryBean : Closing JPA EntityManagerFactory for persistence unit 'default'
2024-07-03T13:13:33.600+05:30  INFO 17536 --- [student_registration_system] [SpringApplicationShutdownHook] com.zaxxer.hikari.HikariDataSource       : HikariPool-1 - Shutdown initiated...
2024-07-03T13:13:33.609+05:30  INFO 17536 --- [student_registration_system] [SpringApplicationShutdownHook] com.zaxxer.hikari.HikariDataSource       : HikariPool-1 - Shutdown completed.
2024-07-03T14:17:41.378+05:30  INFO 19068 --- [student_registration_system] [restartedMain] c.s.StudentRegistrationSystemApplication : Starting StudentRegistrationSystemApplication using Java 17.0.3 with PID 19068 (C:\Users\GUNASEKM\Documents\student_registration_system\student_registration_system\target\classes started by gunasekm in C:\Users\GUNASEKM\Documents\student_registration_system\student_registration_system)
2024-07-03T14:17:41.388+05:30  INFO 19068 --- [student_registration_system] [restartedMain] c.s.StudentRegistrationSystemApplication : No active profile set, falling back to 1 default profile: "default"
2024-07-03T14:17:41.543+05:30  INFO 19068 --- [student_registration_system] [restartedMain] .e.DevToolsPropertyDefaultsPostProcessor : Devtools property defaults active! Set 'spring.devtools.add-properties' to 'false' to disable
2024-07-03T14:17:41.545+05:30  INFO 19068 --- [student_registration_system] [restartedMain] .e.DevToolsPropertyDefaultsPostProcessor : For additional web related logging consider setting the 'logging.level.web' property to 'DEBUG'
2024-07-03T14:17:44.060+05:30  INFO 19068 --- [student_registration_system] [restartedMain] .s.d.r.c.RepositoryConfigurationDelegate : Bootstrapping Spring Data JPA repositories in DEFAULT mode.
2024-07-03T14:17:44.281+05:30  INFO 19068 --- [student_registration_system] [restartedMain] .s.d.r.c.RepositoryConfigurationDelegate : Finished Spring Data repository scanning in 195 ms. Found 2 JPA repository interfaces.
2024-07-03T14:17:46.279+05:30  INFO 19068 --- [student_registration_system] [restartedMain] o.s.b.w.embedded.tomcat.TomcatWebServer  : Tomcat initialized with port 8080 (http)
2024-07-03T14:17:46.313+05:30  INFO 19068 --- [student_registration_system] [restartedMain] o.apache.catalina.core.StandardService   : Starting service [Tomcat]
2024-07-03T14:17:46.314+05:30  INFO 19068 --- [student_registration_system] [restartedMain] o.apache.catalina.core.StandardEngine    : Starting Servlet engine: [Apache Tomcat/10.1.24]
2024-07-03T14:17:46.488+05:30  INFO 19068 --- [student_registration_system] [restartedMain] o.a.c.c.C.[Tomcat].[localhost].[/]       : Initializing Spring embedded WebApplicationContext
2024-07-03T14:17:46.490+05:30  INFO 19068 --- [student_registration_system] [restartedMain] w.s.c.ServletWebServerApplicationContext : Root WebApplicationContext: initialization completed in 4929 ms
2024-07-03T14:17:46.938+05:30  INFO 19068 --- [student_registration_system] [restartedMain] o.hibernate.jpa.internal.util.LogHelper  : HHH000204: Processing PersistenceUnitInfo [name: default]
2024-07-03T14:17:47.125+05:30  INFO 19068 --- [student_registration_system] [restartedMain] org.hibernate.Version                    : HHH000412: Hibernate ORM core version 6.5.2.Final
2024-07-03T14:17:47.238+05:30  INFO 19068 --- [student_registration_system] [restartedMain] o.h.c.internal.RegionFactoryInitiator    : HHH000026: Second-level cache disabled
2024-07-03T14:17:48.119+05:30  INFO 19068 --- [student_registration_system] [restartedMain] o.s.o.j.p.SpringPersistenceUnitInfo      : No LoadTimeWeaver setup: ignoring JPA class transformer
2024-07-03T14:17:48.194+05:30  INFO 19068 --- [student_registration_system] [restartedMain] com.zaxxer.hikari.HikariDataSource       : HikariPool-1 - Starting...
2024-07-03T14:17:48.788+05:30  INFO 19068 --- [student_registration_system] [restartedMain] com.zaxxer.hikari.pool.HikariPool        : HikariPool-1 - Added connection org.postgresql.jdbc.PgConnection@490b3b96
2024-07-03T14:17:48.792+05:30  INFO 19068 --- [student_registration_system] [restartedMain] com.zaxxer.hikari.HikariDataSource       : HikariPool-1 - Start completed.
2024-07-03T14:17:51.603+05:30  INFO 19068 --- [student_registration_system] [restartedMain] o.h.e.t.j.p.i.JtaPlatformInitiator       : HHH000489: No JTA platform available (set 'hibernate.transaction.jta.platform' to enable JTA platform integration)
2024-07-03T14:17:51.852+05:30  INFO 19068 --- [student_registration_system] [restartedMain] j.LocalContainerEntityManagerFactoryBean : Initialized JPA EntityManagerFactory for persistence unit 'default'
2024-07-03T14:17:52.880+05:30  WARN 19068 --- [student_registration_system] [restartedMain] JpaBaseConfiguration$JpaWebConfiguration : spring.jpa.open-in-view is enabled by default. Therefore, database queries may be performed during view rendering. Explicitly configure spring.jpa.open-in-view to disable this warning
2024-07-03T14:17:54.095+05:30  INFO 19068 --- [student_registration_system] [restartedMain] o.s.b.d.a.OptionalLiveReloadServer       : LiveReload server is running on port 35729
2024-07-03T14:17:54.221+05:30  INFO 19068 --- [student_registration_system] [restartedMain] o.s.b.w.embedded.tomcat.TomcatWebServer  : Tomcat started on port 8080 (http) with context path '/'
2024-07-03T14:17:54.257+05:30  INFO 19068 --- [student_registration_system] [restartedMain] c.s.StudentRegistrationSystemApplication : Started StudentRegistrationSystemApplication in 14.14 seconds (process running for 15.918)
2024-07-03T14:23:30.877+05:30  INFO 19068 --- [student_registration_system] [SpringApplicationShutdownHook] j.LocalContainerEntityManagerFactoryBean : Closing JPA EntityManagerFactory for persistence unit 'default'
2024-07-03T14:23:30.957+05:30  INFO 19068 --- [student_registration_system] [SpringApplicationShutdownHook] com.zaxxer.hikari.HikariDataSource       : HikariPool-1 - Shutdown initiated...
2024-07-03T14:23:30.980+05:30  INFO 19068 --- [student_registration_system] [SpringApplicationShutdownHook] com.zaxxer.hikari.HikariDataSource       : HikariPool-1 - Shutdown completed.
2024-07-03T15:03:55.333+05:30  INFO 28232 --- [student_registration_system] [restartedMain] c.s.StudentRegistrationSystemApplication : Starting StudentRegistrationSystemApplication using Java 17.0.3 with PID 28232 (C:\Users\GUNASEKM\Documents\student_registration_system\student_registration_system\target\classes started by gunasekm in C:\Users\GUNASEKM\Documents\student_registration_system\student_registration_system)
2024-07-03T15:03:55.343+05:30  INFO 28232 --- [student_registration_system] [restartedMain] c.s.StudentRegistrationSystemApplication : No active profile set, falling back to 1 default profile: "default"
2024-07-03T15:03:55.557+05:30  INFO 28232 --- [student_registration_system] [restartedMain] .e.DevToolsPropertyDefaultsPostProcessor : Devtools property defaults active! Set 'spring.devtools.add-properties' to 'false' to disable
2024-07-03T15:03:55.558+05:30  INFO 28232 --- [student_registration_system] [restartedMain] .e.DevToolsPropertyDefaultsPostProcessor : For additional web related logging consider setting the 'logging.level.web' property to 'DEBUG'
2024-07-03T15:03:57.863+05:30  INFO 28232 --- [student_registration_system] [restartedMain] .s.d.r.c.RepositoryConfigurationDelegate : Bootstrapping Spring Data JPA repositories in DEFAULT mode.
2024-07-03T15:03:58.070+05:30  INFO 28232 --- [student_registration_system] [restartedMain] .s.d.r.c.RepositoryConfigurationDelegate : Finished Spring Data repository scanning in 182 ms. Found 2 JPA repository interfaces.
2024-07-03T15:04:00.123+05:30  INFO 28232 --- [student_registration_system] [restartedMain] o.s.b.w.embedded.tomcat.TomcatWebServer  : Tomcat initialized with port 8080 (http)
2024-07-03T15:04:00.153+05:30  INFO 28232 --- [student_registration_system] [restartedMain] o.apache.catalina.core.StandardService   : Starting service [Tomcat]
2024-07-03T15:04:00.155+05:30  INFO 28232 --- [student_registration_system] [restartedMain] o.apache.catalina.core.StandardEngine    : Starting Servlet engine: [Apache Tomcat/10.1.24]
2024-07-03T15:04:00.343+05:30  INFO 28232 --- [student_registration_system] [restartedMain] o.a.c.c.C.[Tomcat].[localhost].[/]       : Initializing Spring embedded WebApplicationContext
2024-07-03T15:04:00.345+05:30  INFO 28232 --- [student_registration_system] [restartedMain] w.s.c.ServletWebServerApplicationContext : Root WebApplicationContext: initialization completed in 4785 ms
2024-07-03T15:04:00.831+05:30  INFO 28232 --- [student_registration_system] [restartedMain] o.hibernate.jpa.internal.util.LogHelper  : HHH000204: Processing PersistenceUnitInfo [name: default]
2024-07-03T15:04:00.983+05:30  INFO 28232 --- [student_registration_system] [restartedMain] org.hibernate.Version                    : HHH000412: Hibernate ORM core version 6.5.2.Final
2024-07-03T15:04:01.077+05:30  INFO 28232 --- [student_registration_system] [restartedMain] o.h.c.internal.RegionFactoryInitiator    : HHH000026: Second-level cache disabled
2024-07-03T15:04:01.986+05:30  INFO 28232 --- [student_registration_system] [restartedMain] o.s.o.j.p.SpringPersistenceUnitInfo      : No LoadTimeWeaver setup: ignoring JPA class transformer
2024-07-03T15:04:02.079+05:30  INFO 28232 --- [student_registration_system] [restartedMain] com.zaxxer.hikari.HikariDataSource       : HikariPool-1 - Starting...
2024-07-03T15:04:02.658+05:30  INFO 28232 --- [student_registration_system] [restartedMain] com.zaxxer.hikari.pool.HikariPool        : HikariPool-1 - Added connection org.postgresql.jdbc.PgConnection@61e8110c
2024-07-03T15:04:02.664+05:30  INFO 28232 --- [student_registration_system] [restartedMain] com.zaxxer.hikari.HikariDataSource       : HikariPool-1 - Start completed.
2024-07-03T15:04:05.139+05:30  INFO 28232 --- [student_registration_system] [restartedMain] o.h.e.t.j.p.i.JtaPlatformInitiator       : HHH000489: No JTA platform available (set 'hibernate.transaction.jta.platform' to enable JTA platform integration)
2024-07-03T15:04:05.323+05:30  INFO 28232 --- [student_registration_system] [restartedMain] j.LocalContainerEntityManagerFactoryBean : Initialized JPA EntityManagerFactory for persistence unit 'default'
2024-07-03T15:04:06.534+05:30  WARN 28232 --- [student_registration_system] [restartedMain] JpaBaseConfiguration$JpaWebConfiguration : spring.jpa.open-in-view is enabled by default. Therefore, database queries may be performed during view rendering. Explicitly configure spring.jpa.open-in-view to disable this warning
2024-07-03T15:04:07.600+05:30  INFO 28232 --- [student_registration_system] [restartedMain] o.s.b.d.a.OptionalLiveReloadServer       : LiveReload server is running on port 35729
2024-07-03T15:04:07.681+05:30  INFO 28232 --- [student_registration_system] [restartedMain] o.s.b.w.embedded.tomcat.TomcatWebServer  : Tomcat started on port 8080 (http) with context path '/'
2024-07-03T15:04:07.706+05:30  INFO 28232 --- [student_registration_system] [restartedMain] c.s.StudentRegistrationSystemApplication : Started StudentRegistrationSystemApplication in 13.563 seconds (process running for 15.08)
2024-07-03T15:06:19.025+05:30  INFO 28232 --- [student_registration_system] [http-nio-8080-exec-1] o.a.c.c.C.[Tomcat].[localhost].[/]       : Initializing Spring DispatcherServlet 'dispatcherServlet'
2024-07-03T15:06:19.032+05:30  INFO 28232 --- [student_registration_system] [http-nio-8080-exec-1] o.s.web.servlet.DispatcherServlet        : Initializing Servlet 'dispatcherServlet'
2024-07-03T15:06:19.057+05:30  INFO 28232 --- [student_registration_system] [http-nio-8080-exec-1] o.s.web.servlet.DispatcherServlet        : Completed initialization in 24 ms
2024-07-03T15:06:20.101+05:30  INFO 28232 --- [student_registration_system] [http-nio-8080-exec-1] c.s.StudentRegistrationSystemApplication : Student Registered Successfully
2024-07-03T15:06:34.355+05:30  INFO 28232 --- [student_registration_system] [http-nio-8080-exec-3] c.s.StudentRegistrationSystemApplication : Student with this Id 
2024-07-03T15:06:38.723+05:30  WARN 28232 --- [student_registration_system] [http-nio-8080-exec-4] .m.m.a.ExceptionHandlerExceptionResolver : Resolved [com.student.exceptions.StudentIdNotFoundException: Student Id not found with Id : 24]
2024-07-03T15:07:01.149+05:30  INFO 28232 --- [student_registration_system] [http-nio-8080-exec-5] c.s.StudentRegistrationSystemApplication : Got all students data.
2024-07-03T15:08:33.082+05:30  INFO 28232 --- [student_registration_system] [http-nio-8080-exec-8] c.s.StudentRegistrationSystemApplication : Updated student with this Id 
2024-07-03T15:09:47.575+05:30  WARN 28232 --- [student_registration_system] [http-nio-8080-exec-2] .m.m.a.ExceptionHandlerExceptionResolver : Resolved [com.student.exceptions.StudentIdNotFoundException: Student Id not found with this Id 343]
2024-07-03T15:10:06.423+05:30  WARN 28232 --- [student_registration_system] [http-nio-8080-exec-1] c.s.StudentRegistrationSystemApplication : Student not found with this Id :
2024-07-03T15:10:06.425+05:30  WARN 28232 --- [student_registration_system] [http-nio-8080-exec-1] .m.m.a.ExceptionHandlerExceptionResolver : Resolved [com.student.exceptions.StudentIdNotFoundException: Student Id not found with Id : 26]
2024-07-03T15:10:10.265+05:30  INFO 28232 --- [student_registration_system] [http-nio-8080-exec-3] c.s.StudentRegistrationSystemApplication : Deleted student with Id 
2024-07-03T15:23:51.700+05:30  INFO 28232 --- [student_registration_system] [SpringApplicationShutdownHook] j.LocalContainerEntityManagerFactoryBean : Closing JPA EntityManagerFactory for persistence unit 'default'
2024-07-03T15:23:51.787+05:30  INFO 28232 --- [student_registration_system] [SpringApplicationShutdownHook] com.zaxxer.hikari.HikariDataSource       : HikariPool-1 - Shutdown initiated...
2024-07-03T15:23:51.824+05:30  INFO 28232 --- [student_registration_system] [SpringApplicationShutdownHook] com.zaxxer.hikari.HikariDataSource       : HikariPool-1 - Shutdown completed.
2024-07-03T15:24:06.244+05:30  INFO 23664 --- [student_registration_system] [restartedMain] c.s.StudentRegistrationSystemApplication : Starting StudentRegistrationSystemApplication using Java 17.0.3 with PID 23664 (C:\Users\GUNASEKM\Documents\student_registration_system\student_registration_system\target\classes started by gunasekm in C:\Users\GUNASEKM\Documents\student_registration_system\student_registration_system)
2024-07-03T15:24:06.275+05:30  INFO 23664 --- [student_registration_system] [restartedMain] c.s.StudentRegistrationSystemApplication : No active profile set, falling back to 1 default profile: "default"
2024-07-03T15:24:06.481+05:30  INFO 23664 --- [student_registration_system] [restartedMain] .e.DevToolsPropertyDefaultsPostProcessor : Devtools property defaults active! Set 'spring.devtools.add-properties' to 'false' to disable
2024-07-03T15:24:06.482+05:30  INFO 23664 --- [student_registration_system] [restartedMain] .e.DevToolsPropertyDefaultsPostProcessor : For additional web related logging consider setting the 'logging.level.web' property to 'DEBUG'
2024-07-03T15:24:09.055+05:30  INFO 23664 --- [student_registration_system] [restartedMain] .s.d.r.c.RepositoryConfigurationDelegate : Bootstrapping Spring Data JPA repositories in DEFAULT mode.
2024-07-03T15:24:09.253+05:30  INFO 23664 --- [student_registration_system] [restartedMain] .s.d.r.c.RepositoryConfigurationDelegate : Finished Spring Data repository scanning in 169 ms. Found 2 JPA repository interfaces.
2024-07-03T15:24:11.280+05:30  INFO 23664 --- [student_registration_system] [restartedMain] o.s.b.w.embedded.tomcat.TomcatWebServer  : Tomcat initialized with port 8080 (http)
2024-07-03T15:24:11.318+05:30  INFO 23664 --- [student_registration_system] [restartedMain] o.apache.catalina.core.StandardService   : Starting service [Tomcat]
2024-07-03T15:24:11.319+05:30  INFO 23664 --- [student_registration_system] [restartedMain] o.apache.catalina.core.StandardEngine    : Starting Servlet engine: [Apache Tomcat/10.1.24]
2024-07-03T15:24:11.470+05:30  INFO 23664 --- [student_registration_system] [restartedMain] o.a.c.c.C.[Tomcat].[localhost].[/]       : Initializing Spring embedded WebApplicationContext
2024-07-03T15:24:11.471+05:30  INFO 23664 --- [student_registration_system] [restartedMain] w.s.c.ServletWebServerApplicationContext : Root WebApplicationContext: initialization completed in 4986 ms
2024-07-03T15:24:11.865+05:30  INFO 23664 --- [student_registration_system] [restartedMain] o.hibernate.jpa.internal.util.LogHelper  : HHH000204: Processing PersistenceUnitInfo [name: default]
2024-07-03T15:24:12.016+05:30  INFO 23664 --- [student_registration_system] [restartedMain] org.hibernate.Version                    : HHH000412: Hibernate ORM core version 6.5.2.Final
2024-07-03T15:24:12.112+05:30  INFO 23664 --- [student_registration_system] [restartedMain] o.h.c.internal.RegionFactoryInitiator    : HHH000026: Second-level cache disabled
2024-07-03T15:24:12.828+05:30  INFO 23664 --- [student_registration_system] [restartedMain] o.s.o.j.p.SpringPersistenceUnitInfo      : No LoadTimeWeaver setup: ignoring JPA class transformer
2024-07-03T15:24:12.892+05:30  INFO 23664 --- [student_registration_system] [restartedMain] com.zaxxer.hikari.HikariDataSource       : HikariPool-1 - Starting...
2024-07-03T15:24:13.346+05:30  INFO 23664 --- [student_registration_system] [restartedMain] com.zaxxer.hikari.pool.HikariPool        : HikariPool-1 - Added connection org.postgresql.jdbc.PgConnection@2f79770e
2024-07-03T15:24:13.348+05:30  INFO 23664 --- [student_registration_system] [restartedMain] com.zaxxer.hikari.HikariDataSource       : HikariPool-1 - Start completed.
2024-07-03T15:24:15.576+05:30  INFO 23664 --- [student_registration_system] [restartedMain] o.h.e.t.j.p.i.JtaPlatformInitiator       : HHH000489: No JTA platform available (set 'hibernate.transaction.jta.platform' to enable JTA platform integration)
2024-07-03T15:24:15.711+05:30  INFO 23664 --- [student_registration_system] [restartedMain] j.LocalContainerEntityManagerFactoryBean : Initialized JPA EntityManagerFactory for persistence unit 'default'
2024-07-03T15:24:16.724+05:30  WARN 23664 --- [student_registration_system] [restartedMain] JpaBaseConfiguration$JpaWebConfiguration : spring.jpa.open-in-view is enabled by default. Therefore, database queries may be performed during view rendering. Explicitly configure spring.jpa.open-in-view to disable this warning
2024-07-03T15:24:17.500+05:30  INFO 23664 --- [student_registration_system] [restartedMain] o.s.b.d.a.OptionalLiveReloadServer       : LiveReload server is running on port 35729
2024-07-03T15:24:17.569+05:30  INFO 23664 --- [student_registration_system] [restartedMain] o.s.b.w.embedded.tomcat.TomcatWebServer  : Tomcat started on port 8080 (http) with context path '/'
2024-07-03T15:24:17.594+05:30  INFO 23664 --- [student_registration_system] [restartedMain] c.s.StudentRegistrationSystemApplication : Started StudentRegistrationSystemApplication in 12.671 seconds (process running for 14.357)
2024-07-03T15:24:32.132+05:30  INFO 23664 --- [student_registration_system] [http-nio-8080-exec-2] o.a.c.c.C.[Tomcat].[localhost].[/]       : Initializing Spring DispatcherServlet 'dispatcherServlet'
2024-07-03T15:24:32.133+05:30  INFO 23664 --- [student_registration_system] [http-nio-8080-exec-2] o.s.web.servlet.DispatcherServlet        : Initializing Servlet 'dispatcherServlet'
2024-07-03T15:24:32.140+05:30  INFO 23664 --- [student_registration_system] [http-nio-8080-exec-2] o.s.web.servlet.DispatcherServlet        : Completed initialization in 6 ms
2024-07-03T15:24:32.478+05:30  WARN 23664 --- [student_registration_system] [http-nio-8080-exec-2] c.s.StudentRegistrationSystemApplication : Student not found with this Id :
2024-07-03T15:24:32.624+05:30  WARN 23664 --- [student_registration_system] [http-nio-8080-exec-2] .m.m.a.ExceptionHandlerExceptionResolver : Resolved [com.student.exceptions.StudentIdNotFoundException: Student Id not found with Id : 3]
2024-07-03T15:24:42.012+05:30  WARN 23664 --- [student_registration_system] [http-nio-8080-exec-3] .m.m.a.ExceptionHandlerExceptionResolver : Resolved [com.student.exceptions.StudentIdNotFoundException: Student Id not found with this Id to update 3]
2024-07-03T15:29:08.285+05:30  WARN 23664 --- [student_registration_system] [http-nio-8080-exec-6] c.s.StudentRegistrationSystemApplication : Student not found to update 
2024-07-03T15:29:08.692+05:30  INFO 23664 --- [student_registration_system] [http-nio-8080-exec-6] c.s.StudentRegistrationSystemApplication : Updated student with this Id 
2024-07-03T15:30:08.220+05:30  WARN 23664 --- [student_registration_system] [http-nio-8080-exec-7] c.s.StudentRegistrationSystemApplication : Student not found to update 
2024-07-03T15:30:08.228+05:30  INFO 23664 --- [student_registration_system] [http-nio-8080-exec-7] c.s.StudentRegistrationSystemApplication : Updated student with this Id 
2024-07-03T16:04:34.549+05:30  INFO 23664 --- [student_registration_system] [SpringApplicationShutdownHook] j.LocalContainerEntityManagerFactoryBean : Closing JPA EntityManagerFactory for persistence unit 'default'
2024-07-03T16:04:34.577+05:30  INFO 23664 --- [student_registration_system] [SpringApplicationShutdownHook] com.zaxxer.hikari.HikariDataSource       : HikariPool-1 - Shutdown initiated...
2024-07-03T16:04:34.590+05:30  INFO 23664 --- [student_registration_system] [SpringApplicationShutdownHook] com.zaxxer.hikari.HikariDataSource       : HikariPool-1 - Shutdown completed.
